<?xml version="1.0" encoding="UTF-8"?>
<!-- Generated by org.testng.reporters.JUnitXMLReporter -->
<testsuite ignored="0" hostname="LTIN520425" failures="0" tests="5" name="Smoke and Regression Test" time="52.186" errors="0" timestamp="2024-10-28T09:23:43 IST">
  <testcase classname="testcases.BookshelvesTest" name="searchBookshelvesTest" time="1.71"/>
  <testcase classname="testcases.BookshelvesTest" name="applyFilterTest" time="1.035"/>
  <testcase classname="testcases.BookshelvesTest" name="applyPriceFilterTest" time="0.563"/>
  <testcase classname="testcases.BookshelvesTest" name="sortByLowestPriceTest" time="5.77"/>
  <testcase classname="testcases.BookshelvesTest" name="extractBookshelfDetailsToExcelTest" time="2.014"/>
</testsuite> <!-- Smoke and Regression Test -->
