<?xml version="1.0" encoding="UTF-8"?>
<!-- Generated by org.testng.reporters.JUnitXMLReporter -->
<testsuite ignored="0" hostname="LTIN520425" failures="0" tests="5" name="Default test" time="18.894" errors="0" timestamp="2024-11-02T19:47:23 IST">
  <testcase classname="testcases.StudyChairsTest" name="searchStudyChairs" time="1.489"/>
  <testcase classname="testcases.StudyChairsTest" name="applyFilters" time="3.002"/>
  <testcase classname="testcases.StudyChairsTest" name="setPriceAndApply" time="1.2"/>
  <testcase classname="testcases.StudyChairsTest" name="sortByCustomerRating" time="1.507"/>
  <testcase classname="testcases.StudyChairsTest" name="extractStudyChairsDetails" time="1.936"/>
</testsuite> <!-- Default test -->
