<?xml version="1.0" encoding="UTF-8"?>
<!-- Generated by org.testng.reporters.JUnitXMLReporter -->
<testsuite ignored="0" hostname="LTIN520425" failures="0" tests="8" name="Regression Test" time="52.653" errors="0" timestamp="2024-10-28T19:28:01 IST">
  <testcase classname="testcases.Menus" name="luxuruMenuhover" time="2.185"/>
  <testcase classname="testcases.Menus" name="sofaMenuhover" time="4.282"/>
  <testcase classname="testcases.Menus" name="extractMenuItemsToExcel" time="0.462"/>
  <testcase classname="testcases.StudyChairsTest" name="searchStudyChairs" time="7.237"/>
  <testcase classname="testcases.StudyChairsTest" name="applyFilters" time="3.22"/>
  <testcase classname="testcases.StudyChairsTest" name="setPriceAndApply" time="10.554"/>
  <testcase classname="testcases.StudyChairsTest" name="sortByCustomerRating" time="5.578"/>
  <testcase classname="testcases.StudyChairsTest" name="extractStudyChairsDetails" time="1.064"/>
</testsuite> <!-- Regression Test -->
