<?xml version="1.0" encoding="UTF-8"?>
<!-- Generated by org.testng.reporters.JUnitXMLReporter -->
<testsuite ignored="0" hostname="LTIN520425" failures="0" tests="17" name="Smoke and Regression Test" time="31.218" errors="0" timestamp="2024-11-05T22:51:11 IST">
  <testcase classname="testcases.Menus" name="luxuruMenuhover" time="0.49"/>
  <testcase classname="testcases.Menus" name="sofaMenuhover" time="1.241"/>
  <testcase classname="testcases.GiftCardsTest" name="selectGiftCardTest" time="3.781"/>
  <testcase classname="testcases.StudyChairsTest" name="searchStudyChairs" time="13.913"/>
  <testcase classname="testcases.Menus" name="extractMenuItemsToExcel" time="4.822"/>
  <testcase classname="testcases.BookshelvesTest" name="searchBookshelvesTest" time="4.128"/>
  <testcase classname="testcases.BookshelvesTest" name="applyFilterTest" time="0.992"/>
  <testcase classname="testcases.GiftCardsTest" name="fillGiftDetailsTest" time="2.998"/>
  <testcase classname="testcases.GiftCardsTest" name="selectdenomination" time="0.506"/>
  <testcase classname="testcases.GiftCardsTest" name="extractErrorMessagesToExcelTest" time="0.311"/>
  <testcase classname="testcases.BookshelvesTest" name="applyPriceFilterTest" time="2.516"/>
  <testcase classname="testcases.StudyChairsTest" name="applyFilters" time="5.305"/>
  <testcase classname="testcases.BookshelvesTest" name="sortByLowestPriceTest" time="2.58"/>
  <testcase classname="testcases.StudyChairsTest" name="setPriceAndApply" time="2.166"/>
  <testcase classname="testcases.BookshelvesTest" name="extractBookshelfDetailsToExcelTest" time="1.497"/>
  <testcase classname="testcases.StudyChairsTest" name="sortByCustomerRating" time="1.435"/>
  <testcase classname="testcases.StudyChairsTest" name="extractStudyChairsDetails" time="1.291"/>
</testsuite> <!-- Smoke and Regression Test -->
