<?xml version="1.0" encoding="UTF-8"?>
<!-- Generated by org.testng.reporters.JUnitXMLReporter -->
<testsuite ignored="0" hostname="LTIN520425" failures="0" tests="17" name="Smoke and Regression Test" time="86.86" errors="0" timestamp="2024-11-05T10:03:00 IST">
  <testcase classname="testcases.Menus" name="luxuruMenuhover" time="0.326"/>
  <testcase classname="testcases.Menus" name="sofaMenuhover" time="0.962"/>
  <testcase classname="testcases.BookshelvesTest" name="searchBookshelvesTest" time="2.507"/>
  <testcase classname="testcases.BookshelvesTest" name="applyFilterTest" time="1.074"/>
  <testcase classname="testcases.Menus" name="extractMenuItemsToExcel" time="3.272"/>
  <testcase classname="testcases.BookshelvesTest" name="applyPriceFilterTest" time="1.572"/>
  <testcase classname="testcases.StudyChairsTest" name="searchStudyChairs" time="2.254"/>
  <testcase classname="testcases.GiftCardsTest" name="selectGiftCardTest" time="3.143"/>
  <testcase classname="testcases.BookshelvesTest" name="sortByLowestPriceTest" time="2.464"/>
  <testcase classname="testcases.BookshelvesTest" name="extractBookshelfDetailsToExcelTest" time="1.443"/>
  <testcase classname="testcases.GiftCardsTest" name="fillGiftDetailsTest" time="2.898"/>
  <testcase classname="testcases.GiftCardsTest" name="selectdenomination" time="0.336"/>
  <testcase classname="testcases.GiftCardsTest" name="extractErrorMessagesToExcelTest" time="0.231"/>
  <testcase classname="testcases.StudyChairsTest" name="applyFilters" time="33.489"/>
  <testcase classname="testcases.StudyChairsTest" name="setPriceAndApply" time="0.76"/>
  <testcase classname="testcases.StudyChairsTest" name="sortByCustomerRating" time="4.44"/>
  <testcase classname="testcases.StudyChairsTest" name="extractStudyChairsDetails" time="0.044"/>
</testsuite> <!-- Smoke and Regression Test -->
