<?xml version="1.0" encoding="UTF-8"?>
<testng-results ignored="0" total="17" passed="17" failed="0" skipped="0">
  <reporter-output>
  </reporter-output>
  <suite started-at="2024-11-03T10:57:48 IST" name="Test Suite" finished-at="2024-11-03T10:58:58 IST" duration-ms="69666">
    <groups>
      <group name="regression">
        <method signature="GiftCardsTest.fillGiftDetailsTest()[pri:2, instance:testcases.GiftCardsTest@7e094740]" name="fillGiftDetailsTest" class="testcases.GiftCardsTest"/>
        <method signature="GiftCardsTest.selectdenomination()[pri:3, instance:testcases.GiftCardsTest@7e094740]" name="selectdenomination" class="testcases.GiftCardsTest"/>
        <method signature="GiftCardsTest.extractErrorMessagesToExcelTest()[pri:4, instance:testcases.GiftCardsTest@7e094740]" name="extractErrorMessagesToExcelTest" class="testcases.GiftCardsTest"/>
        <method signature="BookshelvesTest.extractBookshelfDetailsToExcelTest()[pri:5, instance:testcases.BookshelvesTest@7a11c4c7]" name="extractBookshelfDetailsToExcelTest" class="testcases.BookshelvesTest"/>
        <method signature="StudyChairsTest.extractStudyChairsDetails()[pri:5, instance:testcases.StudyChairsTest@4cc547a]" name="extractStudyChairsDetails" class="testcases.StudyChairsTest"/>
      </group> <!-- regression -->
      <group name="smoke">
        <method signature="BookshelvesTest.searchBookshelvesTest()[pri:1, instance:testcases.BookshelvesTest@7a11c4c7]" name="searchBookshelvesTest" class="testcases.BookshelvesTest"/>
        <method signature="GiftCardsTest.selectGiftCardTest()[pri:1, instance:testcases.GiftCardsTest@7e094740]" name="selectGiftCardTest" class="testcases.GiftCardsTest"/>
        <method signature="Menus.luxuruMenuhover()[pri:1, instance:testcases.Menus@551a20d6]" name="luxuruMenuhover" class="testcases.Menus"/>
        <method signature="StudyChairsTest.searchStudyChairs()[pri:1, instance:testcases.StudyChairsTest@4cc547a]" name="searchStudyChairs" class="testcases.StudyChairsTest"/>
        <method signature="BookshelvesTest.applyFilterTest()[pri:2, instance:testcases.BookshelvesTest@7a11c4c7]" name="applyFilterTest" class="testcases.BookshelvesTest"/>
        <method signature="Menus.sofaMenuhover()[pri:2, instance:testcases.Menus@551a20d6]" name="sofaMenuhover" class="testcases.Menus"/>
        <method signature="StudyChairsTest.applyFilters()[pri:2, instance:testcases.StudyChairsTest@4cc547a]" name="applyFilters" class="testcases.StudyChairsTest"/>
        <method signature="BookshelvesTest.applyPriceFilterTest()[pri:3, instance:testcases.BookshelvesTest@7a11c4c7]" name="applyPriceFilterTest" class="testcases.BookshelvesTest"/>
        <method signature="Menus.extractMenuItemsToExcel()[pri:3, instance:testcases.Menus@551a20d6]" name="extractMenuItemsToExcel" class="testcases.Menus"/>
        <method signature="StudyChairsTest.setPriceAndApply()[pri:3, instance:testcases.StudyChairsTest@4cc547a]" name="setPriceAndApply" class="testcases.StudyChairsTest"/>
        <method signature="BookshelvesTest.sortByLowestPriceTest()[pri:4, instance:testcases.BookshelvesTest@7a11c4c7]" name="sortByLowestPriceTest" class="testcases.BookshelvesTest"/>
        <method signature="StudyChairsTest.sortByCustomerRating()[pri:4, instance:testcases.StudyChairsTest@4cc547a]" name="sortByCustomerRating" class="testcases.StudyChairsTest"/>
      </group> <!-- smoke -->
    </groups>
    <test started-at="2024-11-03T10:57:48 IST" name="Smoke and Regression Test" finished-at="2024-11-03T10:58:58 IST" duration-ms="69666">
      <class name="testcases.BookshelvesTest">
        <test-method is-config="true" signature="setup()[pri:0, instance:testcases.BookshelvesTest@7a11c4c7]" started-at="2024-11-03T10:57:48 IST" name="setup" finished-at="2024-11-03T10:58:22 IST" duration-ms="34356" status="PASS">
          <reporter-output>
          </reporter-output>
        </test-method> <!-- setup -->
        <test-method signature="searchBookshelvesTest()[pri:1, instance:testcases.BookshelvesTest@7a11c4c7]" started-at="2024-11-03T10:58:22 IST" name="searchBookshelvesTest" finished-at="2024-11-03T10:58:30 IST" duration-ms="7488" status="PASS">
          <reporter-output>
          </reporter-output>
        </test-method> <!-- searchBookshelvesTest -->
        <test-method signature="applyFilterTest()[pri:2, instance:testcases.BookshelvesTest@7a11c4c7]" started-at="2024-11-03T10:58:30 IST" name="applyFilterTest" finished-at="2024-11-03T10:58:32 IST" duration-ms="1934" status="PASS">
          <reporter-output>
          </reporter-output>
        </test-method> <!-- applyFilterTest -->
        <test-method signature="applyPriceFilterTest()[pri:3, instance:testcases.BookshelvesTest@7a11c4c7]" started-at="2024-11-03T10:58:32 IST" name="applyPriceFilterTest" finished-at="2024-11-03T10:58:35 IST" duration-ms="3644" status="PASS">
          <reporter-output>
          </reporter-output>
        </test-method> <!-- applyPriceFilterTest -->
        <test-method signature="sortByLowestPriceTest()[pri:4, instance:testcases.BookshelvesTest@7a11c4c7]" started-at="2024-11-03T10:58:35 IST" name="sortByLowestPriceTest" finished-at="2024-11-03T10:58:40 IST" duration-ms="4190" status="PASS">
          <reporter-output>
          </reporter-output>
        </test-method> <!-- sortByLowestPriceTest -->
        <test-method signature="extractBookshelfDetailsToExcelTest()[pri:5, instance:testcases.BookshelvesTest@7a11c4c7]" started-at="2024-11-03T10:58:40 IST" name="extractBookshelfDetailsToExcelTest" finished-at="2024-11-03T10:58:43 IST" duration-ms="3143" status="PASS">
          <reporter-output>
          </reporter-output>
        </test-method> <!-- extractBookshelfDetailsToExcelTest -->
        <test-method is-config="true" signature="tearDown()[pri:0, instance:testcases.BookshelvesTest@7a11c4c7]" started-at="2024-11-03T10:58:43 IST" name="tearDown" finished-at="2024-11-03T10:58:50 IST" duration-ms="7531" status="PASS">
          <reporter-output>
          </reporter-output>
        </test-method> <!-- tearDown -->
      </class> <!-- testcases.BookshelvesTest -->
      <class name="testcases.GiftCardsTest">
        <test-method is-config="true" signature="setup()[pri:0, instance:testcases.GiftCardsTest@7e094740]" started-at="2024-11-03T10:57:48 IST" name="setup" finished-at="2024-11-03T10:58:21 IST" duration-ms="33444" status="PASS">
          <reporter-output>
          </reporter-output>
        </test-method> <!-- setup -->
        <test-method signature="selectGiftCardTest()[pri:1, instance:testcases.GiftCardsTest@7e094740]" started-at="2024-11-03T10:58:21 IST" name="selectGiftCardTest" finished-at="2024-11-03T10:58:29 IST" duration-ms="7378" status="PASS">
          <reporter-output>
          </reporter-output>
        </test-method> <!-- selectGiftCardTest -->
        <test-method signature="fillGiftDetailsTest()[pri:2, instance:testcases.GiftCardsTest@7e094740]" started-at="2024-11-03T10:58:29 IST" name="fillGiftDetailsTest" finished-at="2024-11-03T10:58:36 IST" duration-ms="6783" status="PASS">
          <reporter-output>
          </reporter-output>
        </test-method> <!-- fillGiftDetailsTest -->
        <test-method signature="selectdenomination()[pri:3, instance:testcases.GiftCardsTest@7e094740]" started-at="2024-11-03T10:58:36 IST" name="selectdenomination" finished-at="2024-11-03T10:58:37 IST" duration-ms="1269" status="PASS">
          <reporter-output>
          </reporter-output>
        </test-method> <!-- selectdenomination -->
        <test-method signature="extractErrorMessagesToExcelTest()[pri:4, instance:testcases.GiftCardsTest@7e094740]" started-at="2024-11-03T10:58:37 IST" name="extractErrorMessagesToExcelTest" finished-at="2024-11-03T10:58:38 IST" duration-ms="609" status="PASS">
          <reporter-output>
          </reporter-output>
        </test-method> <!-- extractErrorMessagesToExcelTest -->
        <test-method is-config="true" signature="tearDown()[pri:0, instance:testcases.GiftCardsTest@7e094740]" started-at="2024-11-03T10:58:38 IST" name="tearDown" finished-at="2024-11-03T10:58:45 IST" duration-ms="7308" status="PASS">
          <reporter-output>
          </reporter-output>
        </test-method> <!-- tearDown -->
      </class> <!-- testcases.GiftCardsTest -->
      <class name="testcases.Menus">
        <test-method is-config="true" signature="setup()[pri:0, instance:testcases.Menus@551a20d6]" started-at="2024-11-03T10:57:48 IST" name="setup" finished-at="2024-11-03T10:58:17 IST" duration-ms="29438" status="PASS">
          <reporter-output>
          </reporter-output>
        </test-method> <!-- setup -->
        <test-method signature="luxuruMenuhover()[pri:1, instance:testcases.Menus@551a20d6]" started-at="2024-11-03T10:58:18 IST" name="luxuruMenuhover" finished-at="2024-11-03T10:58:19 IST" duration-ms="935" status="PASS">
          <reporter-output>
          </reporter-output>
        </test-method> <!-- luxuruMenuhover -->
        <test-method signature="sofaMenuhover()[pri:2, instance:testcases.Menus@551a20d6]" started-at="2024-11-03T10:58:19 IST" name="sofaMenuhover" finished-at="2024-11-03T10:58:21 IST" duration-ms="2476" status="PASS">
          <reporter-output>
          </reporter-output>
        </test-method> <!-- sofaMenuhover -->
        <test-method signature="extractMenuItemsToExcel()[pri:3, instance:testcases.Menus@551a20d6]" started-at="2024-11-03T10:58:21 IST" name="extractMenuItemsToExcel" finished-at="2024-11-03T10:58:31 IST" duration-ms="10083" status="PASS">
          <reporter-output>
          </reporter-output>
        </test-method> <!-- extractMenuItemsToExcel -->
        <test-method is-config="true" signature="tearDown()[pri:0, instance:testcases.Menus@551a20d6]" started-at="2024-11-03T10:58:31 IST" name="tearDown" finished-at="2024-11-03T10:58:49 IST" duration-ms="17890" status="PASS">
          <reporter-output>
          </reporter-output>
        </test-method> <!-- tearDown -->
      </class> <!-- testcases.Menus -->
      <class name="testcases.StudyChairsTest">
        <test-method is-config="true" signature="setup()[pri:0, instance:testcases.StudyChairsTest@4cc547a]" started-at="2024-11-03T10:57:48 IST" name="setup" finished-at="2024-11-03T10:58:21 IST" duration-ms="33176" status="PASS">
          <reporter-output>
          </reporter-output>
        </test-method> <!-- setup -->
        <test-method signature="searchStudyChairs()[pri:1, instance:testcases.StudyChairsTest@4cc547a]" started-at="2024-11-03T10:58:21 IST" name="searchStudyChairs" finished-at="2024-11-03T10:58:27 IST" duration-ms="5828" status="PASS">
          <reporter-output>
          </reporter-output>
        </test-method> <!-- searchStudyChairs -->
        <test-method signature="applyFilters()[pri:2, instance:testcases.StudyChairsTest@4cc547a]" started-at="2024-11-03T10:58:27 IST" name="applyFilters" finished-at="2024-11-03T10:58:40 IST" duration-ms="13322" status="PASS">
          <reporter-output>
          </reporter-output>
        </test-method> <!-- applyFilters -->
        <test-method signature="setPriceAndApply()[pri:3, instance:testcases.StudyChairsTest@4cc547a]" started-at="2024-11-03T10:58:40 IST" name="setPriceAndApply" finished-at="2024-11-03T10:58:43 IST" duration-ms="3039" status="PASS">
          <reporter-output>
          </reporter-output>
        </test-method> <!-- setPriceAndApply -->
        <test-method signature="sortByCustomerRating()[pri:4, instance:testcases.StudyChairsTest@4cc547a]" started-at="2024-11-03T10:58:43 IST" name="sortByCustomerRating" finished-at="2024-11-03T10:58:47 IST" duration-ms="3826" status="PASS">
          <reporter-output>
          </reporter-output>
        </test-method> <!-- sortByCustomerRating -->
        <test-method signature="extractStudyChairsDetails()[pri:5, instance:testcases.StudyChairsTest@4cc547a]" started-at="2024-11-03T10:58:47 IST" name="extractStudyChairsDetails" finished-at="2024-11-03T10:58:51 IST" duration-ms="4127" status="PASS">
          <reporter-output>
          </reporter-output>
        </test-method> <!-- extractStudyChairsDetails -->
        <test-method is-config="true" signature="tearDown()[pri:0, instance:testcases.StudyChairsTest@4cc547a]" started-at="2024-11-03T10:58:51 IST" name="tearDown" finished-at="2024-11-03T10:58:58 IST" duration-ms="6204" status="PASS">
          <reporter-output>
          </reporter-output>
        </test-method> <!-- tearDown -->
      </class> <!-- testcases.StudyChairsTest -->
    </test> <!-- Smoke and Regression Test -->
  </suite> <!-- Test Suite -->
</testng-results>
