<?xml version="1.0" encoding="UTF-8"?>
<testsuite xmlns:xsi="http://www.w3.org/2001/XMLSchema-instance" xsi:noNamespaceSchemaLocation="https://maven.apache.org/surefire/maven-surefire-plugin/xsd/surefire-test-report-3.0.xsd" version="3.0" name="TestSuite" time="95.562" tests="17" errors="0" skipped="0" failures="0">
  <properties>
[...]
</properties>
  <testcase name="searchStudyChairs" classname="testcases.StudyChairsTest" time="3.777">
    <system-out><![CDATA[18:03:03.747 [main] DEBUG org.testng.TestNG -- suiteXmlPath: "C:\Users\2361781\eclipse-workspace\Hackathon\testng.xml"
18:03:03.887 [main] WARN org.testng.xml.TestNGContentHandler -- It is strongly recommended to add "<!DOCTYPE suite SYSTEM "https://testng.org/testng-1.1.dtd" >" at the top of the suite file [C:\Users\2361781\eclipse-workspace\Hackathon\testng.xml] otherwise TestNG may fail or not work as expected.
18:03:07.823 [TestNG-test-Smoke and Regression Test-3] INFO testcases.StudyChairsTest -- Initializing the WebDriver and setting up the page objects
18:03:07.823 [TestNG-test-Smoke and Regression Test-2] INFO testcases.BookshelvesTest -- Initializing the WebDriver and setting up the page objects
18:03:07.823 [TestNG-test-Smoke and Regression Test-1] INFO testcases.Menus -- Initializing WebDriver and setting up page objects
18:03:07.823 [TestNG-test-Smoke and Regression Test-4] INFO testcases.GiftCardsTest -- Initializing WebDriver and setting up the page objects
18:03:52.160 [TestNG-test-Smoke and Regression Test-3] INFO testcases.StudyChairsTest -- Starting test: searchStudyChairs
18:03:53.147 [TestNG-test-Smoke and Regression Test-2] INFO testcases.BookshelvesTest -- Starting test: searchBookshelvesTest
18:03:56.893 [TestNG-test-Smoke and Regression Test-3] INFO testcases.StudyChairsTest -- Search for 'study chairs' performed successfully
]]></system-out>
    <system-err><![CDATA[SLF4J(I): Connected with provider of type [ch.qos.logback.classic.spi.LogbackServiceProvider]
Nov 02, 2024 6:03:08 PM org.openqa.selenium.remote.tracing.opentelemetry.OpenTelemetryTracer createTracer
INFO: Using OpenTelemetry for tracing
]]></system-err>
  </testcase>
  <testcase name="applyFilters" classname="testcases.StudyChairsTest" time="6.534">
    <system-out><![CDATA[18:04:06.436 [TestNG-test-Smoke and Regression Test-1] INFO testcases.Menus -- Starting test: extractMenuItemsToExcel
Extracted Menu Items:
18:04:09.998 [TestNG-test-Smoke and Regression Test-1] INFO testcases.Menus -- Retrieved sub menu data successfully
Menu Item 1: All
Menu Item 2: Sofas
Menu Item 3: Recliners
Menu Item 4: Chairs
Menu Item 5: Coffee Tables
Menu Item 6: Side Tables
Menu Item 7: Console Table
Menu Item 8: TV and Media Units
]]></system-out>
  </testcase>
  <testcase name="setPriceAndApply" classname="testcases.StudyChairsTest" time="0.388">
    <system-out><![CDATA[18:04:15.888 [TestNG-test-Smoke and Regression Test-4] INFO testcases.GiftCardsTest -- Starting test: extractErrorMessagesToExcelTest
18:04:15.889 [TestNG-test-Smoke and Regression Test-4] INFO testcases.GiftCardsTest -- Retrieved error messages successfully
18:04:16.280 [TestNG-test-Smoke and Regression Test-3] INFO testcases.StudyChairsTest -- Price Filters applied successfully
]]></system-out>
  </testcase>
  <testcase name="sortByCustomerRating" classname="testcases.StudyChairsTest" time="3.345">
    <system-out><![CDATA[18:04:19.129 [TestNG-test-Smoke and Regression Test-2] INFO testcases.BookshelvesTest -- Starting test: sortByLowestPriceTest
18:04:22.477 [TestNG-test-Smoke and Regression Test-3] INFO testcases.StudyChairsTest -- Sort By Filters applied successfully
]]></system-out>
  </testcase>
  <testcase name="extractStudyChairsDetails" classname="testcases.StudyChairsTest" time="5.464">
    <system-out><![CDATA[18:04:24.043 [TestNG-test-Smoke and Regression Test-2] INFO testcases.BookshelvesTest -- Starting test: extractBookshelfDetailsToExcelTest
18:04:29.399 [TestNG-test-Smoke and Regression Test-3] INFO testcases.StudyChairsTest -- Product names and prices Retrieved successfully
18:04:29.400 [TestNG-test-Smoke and Regression Test-3] INFO testcases.StudyChairsTest -- Added Header to excelData
18:04:29.401 [TestNG-test-Smoke and Regression Test-3] INFO testcases.StudyChairsTest -- Product: Atom Breathable Mesh Ergonomic Chair in Black & Orange Colour with price: ?4,099
Product 1: Name = Atom Breathable Mesh Ergonomic Chair in Black & Orange Colour, Price = ₹4,099
18:04:29.403 [TestNG-test-Smoke and Regression Test-3] INFO testcases.StudyChairsTest -- Product: Amaze Breathable Mesh Guest Chair in Black Colour with price: ?3,900
Product 2: Name = Amaze Breathable Mesh Guest Chair in Black Colour, Price = ₹3,900
18:04:29.404 [TestNG-test-Smoke and Regression Test-3] INFO testcases.StudyChairsTest -- Product: Tauras Lite Breathable MeshMid Back Ergonomic Chair in Red Colour with price: ?5,499
Product 3: Name = Tauras Lite Breathable MeshMid Back Ergonomic Chair in Red Colour, Price = ₹5,499
18:04:29.503 [TestNG-test-Smoke and Regression Test-3] INFO testcases.StudyChairsTest -- Written Data to Excel file: Output_Excel/StudyChairsData.xlsx
18:04:29.503 [TestNG-test-Smoke and Regression Test-3] INFO testcases.StudyChairsTest -- Successfully verified Excel file
Study chairs data written to Excel: Output_Excel/StudyChairsData.xlsx
]]></system-out>
  </testcase>
  <testcase name="luxuruMenuhover" classname="testcases.Menus" time="1.133">
    <system-out><![CDATA[18:03:56.929 [TestNG-test-Smoke and Regression Test-3] INFO testcases.StudyChairsTest -- Starting test: applyFiltersTest
18:03:57.922 [TestNG-test-Smoke and Regression Test-4] INFO testcases.GiftCardsTest -- Starting test: selectGiftCardTest
18:03:57.934 [TestNG-test-Smoke and Regression Test-1] INFO testcases.Menus -- Starting test: MenuTest
]]></system-out>
  </testcase>
  <testcase name="sofaMenuhover" classname="testcases.Menus" time="1.362">
    <system-out><![CDATA[18:04:05.071 [TestNG-test-Smoke and Regression Test-4] INFO testcases.GiftCardsTest -- Starting test: fillGiftDetailsTest
]]></system-out>
  </testcase>
  <testcase name="extractMenuItemsToExcel" classname="testcases.Menus" time="0.335">
    <system-out><![CDATA[18:04:13.301 [TestNG-test-Smoke and Regression Test-1] INFO testcases.Menus -- Data written to Excel file: Output_Excel/MenuData.xlsx
Menu data written to Excel: Output_Excel/MenuData.xlsx
18:04:13.302 [TestNG-test-Smoke and Regression Test-1] INFO testcases.Menus -- Excel file Verified Successfully
]]></system-out>
  </testcase>
  <testcase name="searchBookshelvesTest" classname="testcases.BookshelvesTest" time="4.304">
    <system-out><![CDATA[18:04:03.370 [TestNG-test-Smoke and Regression Test-2] INFO testcases.BookshelvesTest -- Search for 'bookshelves' performed successfully
]]></system-out>
  </testcase>
  <testcase name="applyFilterTest" classname="testcases.BookshelvesTest" time="0.8"/>
  <testcase name="applyPriceFilterTest" classname="testcases.BookshelvesTest" time="2.841">
    <system-out><![CDATA[18:04:16.954 [TestNG-test-Smoke and Regression Test-4] INFO testcases.GiftCardsTest -- Closing the WebDriver
18:04:19.125 [TestNG-test-Smoke and Regression Test-2] INFO testcases.BookshelvesTest -- Price Filter applied successfully
]]></system-out>
  </testcase>
  <testcase name="sortByLowestPriceTest" classname="testcases.BookshelvesTest" time="1.558">
    <system-out><![CDATA[18:04:22.481 [TestNG-test-Smoke and Regression Test-3] INFO testcases.StudyChairsTest -- Starting test: extractStudyChairsDetails
18:04:24.037 [TestNG-test-Smoke and Regression Test-2] INFO testcases.BookshelvesTest -- Sort by Filter applied successfully
]]></system-out>
  </testcase>
  <testcase name="extractBookshelfDetailsToExcelTest" classname="testcases.BookshelvesTest" time="6.381">
    <system-out><![CDATA[18:04:29.510 [TestNG-test-Smoke and Regression Test-3] INFO testcases.StudyChairsTest -- Closing the WebDriver
18:04:30.340 [TestNG-test-Smoke and Regression Test-2] INFO testcases.BookshelvesTest -- Retrieved product names and prices successfully
18:04:30.340 [TestNG-test-Smoke and Regression Test-2] INFO testcases.BookshelvesTest -- Header added to excelData
18:04:30.341 [TestNG-test-Smoke and Regression Test-2] INFO testcases.BookshelvesTest -- Added product: Trendlong Round Floating Book Shelf with price: ?999
Product 1: Name = Trendlong Round Floating Book Shelf, Price = ₹999
18:04:30.341 [TestNG-test-Smoke and Regression Test-2] INFO testcases.BookshelvesTest -- Added product: Captiver Wall Mount Book Shelf In Dark Acazia Finish with price: ?1,389
Product 2: Name = Captiver Wall Mount Book Shelf In Dark Acazia Finish, Price = ₹1,389
18:04:30.341 [TestNG-test-Smoke and Regression Test-2] INFO testcases.BookshelvesTest -- Added product: Victor Book Shelf In Wenge Colour with price: ?1,389
Product 3: Name = Victor Book Shelf In Wenge Colour, Price = ₹1,389
18:04:30.422 [TestNG-test-Smoke and Regression Test-2] INFO testcases.BookshelvesTest -- Data written to Excel file: Output_Excel/BookshelvesData.xlsx
Bookshelves data written to Excel file: Output_Excel/BookshelvesData.xlsx
18:04:30.422 [TestNG-test-Smoke and Regression Test-2] INFO testcases.BookshelvesTest -- Excel file verified successfully
]]></system-out>
  </testcase>
  <testcase name="selectGiftCardTest" classname="testcases.GiftCardsTest" time="1.694">
    <system-out><![CDATA[18:04:03.375 [TestNG-test-Smoke and Regression Test-2] INFO testcases.BookshelvesTest -- Starting test: applyFilterTest
18:04:05.065 [TestNG-test-Smoke and Regression Test-4] INFO testcases.GiftCardsTest -- Selected gift card successfully
]]></system-out>
  </testcase>
  <testcase name="fillGiftDetailsTest" classname="testcases.GiftCardsTest" time="1.759">
    <system-out><![CDATA[18:04:13.304 [TestNG-test-Smoke and Regression Test-1] INFO testcases.Menus -- Closing the WebDriver
]]></system-out>
  </testcase>
  <testcase name="selectdenomination" classname="testcases.GiftCardsTest" time="0.358">
    <system-out><![CDATA[18:04:15.879 [TestNG-test-Smoke and Regression Test-4] INFO testcases.GiftCardsTest -- All data filled successfully
]]></system-out>
  </testcase>
  <testcase name="extractErrorMessagesToExcelTest" classname="testcases.GiftCardsTest" time="0.669">
    <system-out><![CDATA[18:04:16.284 [TestNG-test-Smoke and Regression Test-4] INFO testcases.GiftCardsTest -- Header added to excelData succesfully
18:04:16.285 [TestNG-test-Smoke and Regression Test-3] INFO testcases.StudyChairsTest -- Starting test: sortByCustomerRating
Extracted Error Messages:
Error Type: Empty Email Error | Message: Sender's Email ID Cannot Be Empty
Error Type: Invalid Email Error | Message: Enter a Valid Email ID
18:04:16.952 [TestNG-test-Smoke and Regression Test-4] INFO testcases.GiftCardsTest -- Data written to Excel file: Output_Excel/GiftCardErrors.xlsx
Error messages written to Excel: Output_Excel/GiftCardErrors.xlsx
18:04:16.952 [TestNG-test-Smoke and Regression Test-4] INFO testcases.GiftCardsTest -- Excel file verified successfully
]]></system-out>
  </testcase>
</testsuite>