<?xml version="1.0" encoding="UTF-8"?>
<testsuite xmlns:xsi="http://www.w3.org/2001/XMLSchema-instance" xsi:noNamespaceSchemaLocation="https://maven.apache.org/surefire/maven-surefire-plugin/xsd/surefire-test-report-3.0.xsd" version="3.0" name="TestSuite" time="75.238" tests="17" errors="0" skipped="0" failures="0">
  <properties>
[...]
</properties>
  <testcase name="luxuruMenuhover" classname="testcases.Menus" time="0.962">
    <system-out><![CDATA[10:57:44.705 [main] DEBUG org.testng.TestNG -- suiteXmlPath: "C:\Users\2361781\eclipse-workspace\Hackathon\testng.xml"
10:57:44.942 [main] WARN org.testng.xml.TestNGContentHandler -- It is strongly recommended to add "<!DOCTYPE suite SYSTEM "https://testng.org/testng-1.1.dtd" >" at the top of the suite file [C:\Users\2361781\eclipse-workspace\Hackathon\testng.xml] otherwise TestNG may fail or not work as expected.
10:57:48.604 [TestNG-test-Smoke and Regression Test-3] INFO testcases.StudyChairsTest -- Initializing the WebDriver and setting up the page objects
10:57:48.604 [TestNG-test-Smoke and Regression Test-4] INFO testcases.GiftCardsTest -- Initializing WebDriver and setting up the page objects
10:57:48.604 [TestNG-test-Smoke and Regression Test-2] INFO testcases.BookshelvesTest -- Initializing the WebDriver and setting up the page objects
10:57:48.604 [TestNG-test-Smoke and Regression Test-1] INFO testcases.Menus -- Initializing WebDriver and setting up page objects
10:58:18.129 [TestNG-test-Smoke and Regression Test-1] INFO testcases.Menus -- Starting test: MenuTest
]]></system-out>
    <system-err><![CDATA[SLF4J(I): Connected with provider of type [ch.qos.logback.classic.spi.LogbackServiceProvider]
]]></system-err>
  </testcase>
  <testcase name="sofaMenuhover" classname="testcases.Menus" time="2.478"/>
  <testcase name="extractMenuItemsToExcel" classname="testcases.Menus" time="1.248">
    <system-out><![CDATA[10:58:30.403 [TestNG-test-Smoke and Regression Test-2] INFO testcases.BookshelvesTest -- Starting test: applyFilterTest
10:58:31.634 [TestNG-test-Smoke and Regression Test-1] INFO testcases.Menus -- Data written to Excel file: Output_Excel/MenuData.xlsx
Menu data written to Excel: Output_Excel/MenuData.xlsx
10:58:31.635 [TestNG-test-Smoke and Regression Test-1] INFO testcases.Menus -- Excel file Verified Successfully
]]></system-out>
  </testcase>
  <testcase name="searchStudyChairs" classname="testcases.StudyChairsTest" time="4.649">
    <system-out><![CDATA[10:58:21.555 [TestNG-test-Smoke and Regression Test-1] INFO testcases.Menus -- Starting test: extractMenuItemsToExcel
10:58:21.734 [TestNG-test-Smoke and Regression Test-3] INFO testcases.StudyChairsTest -- Starting test: searchStudyChairs
10:58:22.002 [TestNG-test-Smoke and Regression Test-4] INFO testcases.GiftCardsTest -- Starting test: selectGiftCardTest
10:58:22.914 [TestNG-test-Smoke and Regression Test-2] INFO testcases.BookshelvesTest -- Starting test: searchBookshelvesTest
Extracted Menu Items:
10:58:23.832 [TestNG-test-Smoke and Regression Test-1] INFO testcases.Menus -- Retrieved sub menu data successfully
Menu Item 1: All
Menu Item 2: Sofas
Menu Item 3: Recliners
Menu Item 4: Chairs
Menu Item 5: Coffee Tables
Menu Item 6: Side Tables
Menu Item 7: Console Table
Menu Item 8: TV and Media Units
10:58:27.558 [TestNG-test-Smoke and Regression Test-3] INFO testcases.StudyChairsTest -- Search for 'study chairs' performed successfully
]]></system-out>
  </testcase>
  <testcase name="applyFilters" classname="testcases.StudyChairsTest" time="0.703">
    <system-out><![CDATA[10:58:40.181 [TestNG-test-Smoke and Regression Test-2] INFO testcases.BookshelvesTest -- Starting test: extractBookshelfDetailsToExcelTest
]]></system-out>
  </testcase>
  <testcase name="setPriceAndApply" classname="testcases.StudyChairsTest" time="3.039">
    <system-out><![CDATA[10:58:43.326 [TestNG-test-Smoke and Regression Test-2] INFO testcases.BookshelvesTest -- Closing the WebDriver
10:58:43.926 [TestNG-test-Smoke and Regression Test-3] INFO testcases.StudyChairsTest -- Price Filters applied successfully
]]></system-out>
  </testcase>
  <testcase name="sortByCustomerRating" classname="testcases.StudyChairsTest" time="3.839">
    <system-out><![CDATA[10:58:43.929 [TestNG-test-Smoke and Regression Test-3] INFO testcases.StudyChairsTest -- Starting test: sortByCustomerRating
10:58:47.752 [TestNG-test-Smoke and Regression Test-3] INFO testcases.StudyChairsTest -- Sort By Filters applied successfully
]]></system-out>
  </testcase>
  <testcase name="extractStudyChairsDetails" classname="testcases.StudyChairsTest" time="4.198">
    <system-out><![CDATA[10:58:47.757 [TestNG-test-Smoke and Regression Test-3] INFO testcases.StudyChairsTest -- Starting test: extractStudyChairsDetails
10:58:51.799 [TestNG-test-Smoke and Regression Test-3] INFO testcases.StudyChairsTest -- Product names and prices Retrieved successfully
10:58:51.800 [TestNG-test-Smoke and Regression Test-3] INFO testcases.StudyChairsTest -- Added Header to excelData
10:58:51.800 [TestNG-test-Smoke and Regression Test-3] INFO testcases.StudyChairsTest -- Product: Atom Breathable Mesh Ergonomic Chair in Black & Orange Colour with price: ?4,099
Product 1: Name = Atom Breathable Mesh Ergonomic Chair in Black & Orange Colour, Price = ₹4,099
10:58:51.801 [TestNG-test-Smoke and Regression Test-3] INFO testcases.StudyChairsTest -- Product: Amaze Breathable Mesh Guest Chair in Black Colour with price: ?3,900
Product 2: Name = Amaze Breathable Mesh Guest Chair in Black Colour, Price = ₹3,900
10:58:51.801 [TestNG-test-Smoke and Regression Test-3] INFO testcases.StudyChairsTest -- Product: Tauras Lite Breathable MeshMid Back Ergonomic Chair in Red Colour with price: ?5,499
Product 3: Name = Tauras Lite Breathable MeshMid Back Ergonomic Chair in Red Colour, Price = ₹5,499
10:58:51.881 [TestNG-test-Smoke and Regression Test-3] INFO testcases.StudyChairsTest -- Written Data to Excel file: Output_Excel/StudyChairsData.xlsx
10:58:51.882 [TestNG-test-Smoke and Regression Test-3] INFO testcases.StudyChairsTest -- Successfully verified Excel file
Study chairs data written to Excel: Output_Excel/StudyChairsData.xlsx
]]></system-out>
  </testcase>
  <testcase name="selectGiftCardTest" classname="testcases.GiftCardsTest" time="1.818">
    <system-out><![CDATA[10:58:27.562 [TestNG-test-Smoke and Regression Test-3] INFO testcases.StudyChairsTest -- Starting test: applyFiltersTest
10:58:29.376 [TestNG-test-Smoke and Regression Test-4] INFO testcases.GiftCardsTest -- Selected gift card successfully
]]></system-out>
  </testcase>
  <testcase name="fillGiftDetailsTest" classname="testcases.GiftCardsTest" time="0.152">
    <system-out><![CDATA[10:58:35.990 [TestNG-test-Smoke and Regression Test-2] INFO testcases.BookshelvesTest -- Starting test: sortByLowestPriceTest
]]></system-out>
  </testcase>
  <testcase name="selectdenomination" classname="testcases.GiftCardsTest" time="1.282">
    <system-out><![CDATA[10:58:37.431 [TestNG-test-Smoke and Regression Test-4] INFO testcases.GiftCardsTest -- All data filled successfully
]]></system-out>
  </testcase>
  <testcase name="extractErrorMessagesToExcelTest" classname="testcases.GiftCardsTest" time="0.608">
    <system-out><![CDATA[10:58:37.437 [TestNG-test-Smoke and Regression Test-4] INFO testcases.GiftCardsTest -- Starting test: extractErrorMessagesToExcelTest
10:58:37.438 [TestNG-test-Smoke and Regression Test-4] INFO testcases.GiftCardsTest -- Retrieved error messages successfully
10:58:37.716 [TestNG-test-Smoke and Regression Test-4] INFO testcases.GiftCardsTest -- Header added to excelData succesfully
Extracted Error Messages:
Error Type: Empty Email Error | Message: Sender's Email ID Cannot Be Empty
Error Type: Invalid Email Error | Message: Enter a Valid Email ID
10:58:38.043 [TestNG-test-Smoke and Regression Test-4] INFO testcases.GiftCardsTest -- Data written to Excel file: Output_Excel/GiftCardErrors.xlsx
Error messages written to Excel: Output_Excel/GiftCardErrors.xlsx
10:58:38.044 [TestNG-test-Smoke and Regression Test-4] INFO testcases.GiftCardsTest -- Excel file verified successfully
]]></system-out>
  </testcase>
  <testcase name="searchBookshelvesTest" classname="testcases.BookshelvesTest" time="1.015">
    <system-out><![CDATA[10:58:29.380 [TestNG-test-Smoke and Regression Test-4] INFO testcases.GiftCardsTest -- Starting test: fillGiftDetailsTest
10:58:30.399 [TestNG-test-Smoke and Regression Test-2] INFO testcases.BookshelvesTest -- Search for 'bookshelves' performed successfully
]]></system-out>
  </testcase>
  <testcase name="applyFilterTest" classname="testcases.BookshelvesTest" time="1.935">
    <system-out><![CDATA[10:58:31.642 [TestNG-test-Smoke and Regression Test-1] INFO testcases.Menus -- Closing the WebDriver
]]></system-out>
  </testcase>
  <testcase name="applyPriceFilterTest" classname="testcases.BookshelvesTest" time="3.668">
    <system-out><![CDATA[10:58:35.985 [TestNG-test-Smoke and Regression Test-2] INFO testcases.BookshelvesTest -- Price Filter applied successfully
]]></system-out>
  </testcase>
  <testcase name="sortByLowestPriceTest" classname="testcases.BookshelvesTest" time="2.729">
    <system-out><![CDATA[10:58:38.047 [TestNG-test-Smoke and Regression Test-4] INFO testcases.GiftCardsTest -- Closing the WebDriver
10:58:40.178 [TestNG-test-Smoke and Regression Test-2] INFO testcases.BookshelvesTest -- Sort by Filter applied successfully
]]></system-out>
  </testcase>
  <testcase name="extractBookshelfDetailsToExcelTest" classname="testcases.BookshelvesTest" time="2.443">
    <system-out><![CDATA[10:58:43.226 [TestNG-test-Smoke and Regression Test-2] INFO testcases.BookshelvesTest -- Retrieved product names and prices successfully
10:58:43.227 [TestNG-test-Smoke and Regression Test-2] INFO testcases.BookshelvesTest -- Header added to excelData
10:58:43.227 [TestNG-test-Smoke and Regression Test-2] INFO testcases.BookshelvesTest -- Added product: Yae Kids Wall Mounted Book Shelve In Light Green Colour with price: ?5,349
Product 1: Name = Yae Kids Wall Mounted Book Shelve In Light Green Colour, Price = ₹5,349
10:58:43.229 [TestNG-test-Smoke and Regression Test-2] INFO testcases.BookshelvesTest -- Added product: Jungle Kids Bookshelf in Chestnut Finish with price: ?9,999
Product 2: Name = Jungle Kids Bookshelf in Chestnut Finish, Price = ₹9,999
10:58:43.230 [TestNG-test-Smoke and Regression Test-2] INFO testcases.BookshelvesTest -- Added product: Clary Storage Cabinet in Dark Acazia Colour with price: ?10,326
Product 3: Name = Clary Storage Cabinet in Dark Acazia Colour, Price = ₹10,326
10:58:43.320 [TestNG-test-Smoke and Regression Test-2] INFO testcases.BookshelvesTest -- Data written to Excel file: Output_Excel/BookshelvesData.xlsx
Bookshelves data written to Excel file: Output_Excel/BookshelvesData.xlsx
10:58:43.323 [TestNG-test-Smoke and Regression Test-2] INFO testcases.BookshelvesTest -- Excel file verified successfully
]]></system-out>
  </testcase>
</testsuite>