<?xml version="1.0" encoding="UTF-8"?>
<testng-results ignored="0" total="17" passed="17" failed="0" skipped="0">
  <reporter-output>
  </reporter-output>
  <suite started-at="2024-11-04T21:06:46 IST" name="Test Suite" finished-at="2024-11-04T21:07:54 IST" duration-ms="68351">
    <groups>
      <group name="regression">
        <method signature="GiftCardsTest.fillGiftDetailsTest()[pri:2, instance:testcases.GiftCardsTest@238ad8c]" name="fillGiftDetailsTest" class="testcases.GiftCardsTest"/>
        <method signature="GiftCardsTest.selectdenomination()[pri:3, instance:testcases.GiftCardsTest@238ad8c]" name="selectdenomination" class="testcases.GiftCardsTest"/>
        <method signature="GiftCardsTest.extractErrorMessagesToExcelTest()[pri:4, instance:testcases.GiftCardsTest@238ad8c]" name="extractErrorMessagesToExcelTest" class="testcases.GiftCardsTest"/>
        <method signature="BookshelvesTest.extractBookshelfDetailsToExcelTest()[pri:5, instance:testcases.BookshelvesTest@430fa4ef]" name="extractBookshelfDetailsToExcelTest" class="testcases.BookshelvesTest"/>
        <method signature="StudyChairsTest.extractStudyChairsDetails()[pri:5, instance:testcases.StudyChairsTest@1761de10]" name="extractStudyChairsDetails" class="testcases.StudyChairsTest"/>
      </group> <!-- regression -->
      <group name="smoke">
        <method signature="BookshelvesTest.searchBookshelvesTest()[pri:1, instance:testcases.BookshelvesTest@430fa4ef]" name="searchBookshelvesTest" class="testcases.BookshelvesTest"/>
        <method signature="GiftCardsTest.selectGiftCardTest()[pri:1, instance:testcases.GiftCardsTest@238ad8c]" name="selectGiftCardTest" class="testcases.GiftCardsTest"/>
        <method signature="Menus.luxuruMenuhover()[pri:1, instance:testcases.Menus@c827db]" name="luxuruMenuhover" class="testcases.Menus"/>
        <method signature="StudyChairsTest.searchStudyChairs()[pri:1, instance:testcases.StudyChairsTest@1761de10]" name="searchStudyChairs" class="testcases.StudyChairsTest"/>
        <method signature="BookshelvesTest.applyFilterTest()[pri:2, instance:testcases.BookshelvesTest@430fa4ef]" name="applyFilterTest" class="testcases.BookshelvesTest"/>
        <method signature="Menus.sofaMenuhover()[pri:2, instance:testcases.Menus@c827db]" name="sofaMenuhover" class="testcases.Menus"/>
        <method signature="StudyChairsTest.applyFilters()[pri:2, instance:testcases.StudyChairsTest@1761de10]" name="applyFilters" class="testcases.StudyChairsTest"/>
        <method signature="BookshelvesTest.applyPriceFilterTest()[pri:3, instance:testcases.BookshelvesTest@430fa4ef]" name="applyPriceFilterTest" class="testcases.BookshelvesTest"/>
        <method signature="Menus.extractMenuItemsToExcel()[pri:3, instance:testcases.Menus@c827db]" name="extractMenuItemsToExcel" class="testcases.Menus"/>
        <method signature="StudyChairsTest.setPriceAndApply()[pri:3, instance:testcases.StudyChairsTest@1761de10]" name="setPriceAndApply" class="testcases.StudyChairsTest"/>
        <method signature="BookshelvesTest.sortByLowestPriceTest()[pri:4, instance:testcases.BookshelvesTest@430fa4ef]" name="sortByLowestPriceTest" class="testcases.BookshelvesTest"/>
        <method signature="StudyChairsTest.sortByCustomerRating()[pri:4, instance:testcases.StudyChairsTest@1761de10]" name="sortByCustomerRating" class="testcases.StudyChairsTest"/>
      </group> <!-- smoke -->
    </groups>
    <test started-at="2024-11-04T21:06:46 IST" name="Smoke and Regression Test" finished-at="2024-11-04T21:07:54 IST" duration-ms="68351">
      <class name="testcases.BookshelvesTest">
        <test-method is-config="true" signature="setup()[pri:0, instance:testcases.BookshelvesTest@430fa4ef]" started-at="2024-11-04T21:06:46 IST" name="setup" finished-at="2024-11-04T21:07:18 IST" duration-ms="31816" status="PASS">
          <reporter-output>
          </reporter-output>
        </test-method> <!-- setup -->
        <test-method signature="searchBookshelvesTest()[pri:1, instance:testcases.BookshelvesTest@430fa4ef]" started-at="2024-11-04T21:07:18 IST" name="searchBookshelvesTest" finished-at="2024-11-04T21:07:27 IST" duration-ms="8895" status="PASS">
          <reporter-output>
          </reporter-output>
        </test-method> <!-- searchBookshelvesTest -->
        <test-method signature="applyFilterTest()[pri:2, instance:testcases.BookshelvesTest@430fa4ef]" started-at="2024-11-04T21:07:27 IST" name="applyFilterTest" finished-at="2024-11-04T21:07:30 IST" duration-ms="3213" status="PASS">
          <reporter-output>
          </reporter-output>
        </test-method> <!-- applyFilterTest -->
        <test-method signature="applyPriceFilterTest()[pri:3, instance:testcases.BookshelvesTest@430fa4ef]" started-at="2024-11-04T21:07:30 IST" name="applyPriceFilterTest" finished-at="2024-11-04T21:07:36 IST" duration-ms="6480" status="PASS">
          <reporter-output>
          </reporter-output>
        </test-method> <!-- applyPriceFilterTest -->
        <test-method signature="sortByLowestPriceTest()[pri:4, instance:testcases.BookshelvesTest@430fa4ef]" started-at="2024-11-04T21:07:36 IST" name="sortByLowestPriceTest" finished-at="2024-11-04T21:07:42 IST" duration-ms="5818" status="PASS">
          <reporter-output>
          </reporter-output>
        </test-method> <!-- sortByLowestPriceTest -->
        <test-method signature="extractBookshelfDetailsToExcelTest()[pri:5, instance:testcases.BookshelvesTest@430fa4ef]" started-at="2024-11-04T21:07:42 IST" name="extractBookshelfDetailsToExcelTest" finished-at="2024-11-04T21:07:46 IST" duration-ms="4036" status="PASS">
          <reporter-output>
          </reporter-output>
        </test-method> <!-- extractBookshelfDetailsToExcelTest -->
        <test-method is-config="true" signature="tearDown()[pri:0, instance:testcases.BookshelvesTest@430fa4ef]" started-at="2024-11-04T21:07:46 IST" name="tearDown" finished-at="2024-11-04T21:07:52 IST" duration-ms="5636" status="PASS">
          <reporter-output>
          </reporter-output>
        </test-method> <!-- tearDown -->
      </class> <!-- testcases.BookshelvesTest -->
      <class name="testcases.GiftCardsTest">
        <test-method is-config="true" signature="setup()[pri:0, instance:testcases.GiftCardsTest@238ad8c]" started-at="2024-11-04T21:06:46 IST" name="setup" finished-at="2024-11-04T21:07:16 IST" duration-ms="29841" status="PASS">
          <reporter-output>
          </reporter-output>
        </test-method> <!-- setup -->
        <test-method signature="selectGiftCardTest()[pri:1, instance:testcases.GiftCardsTest@238ad8c]" started-at="2024-11-04T21:07:16 IST" name="selectGiftCardTest" finished-at="2024-11-04T21:07:23 IST" duration-ms="7063" status="PASS">
          <reporter-output>
          </reporter-output>
        </test-method> <!-- selectGiftCardTest -->
        <test-method signature="fillGiftDetailsTest()[pri:2, instance:testcases.GiftCardsTest@238ad8c]" started-at="2024-11-04T21:07:23 IST" name="fillGiftDetailsTest" finished-at="2024-11-04T21:07:33 IST" duration-ms="10681" status="PASS">
          <reporter-output>
          </reporter-output>
        </test-method> <!-- fillGiftDetailsTest -->
        <test-method signature="selectdenomination()[pri:3, instance:testcases.GiftCardsTest@238ad8c]" started-at="2024-11-04T21:07:33 IST" name="selectdenomination" finished-at="2024-11-04T21:07:35 IST" duration-ms="1536" status="PASS">
          <reporter-output>
          </reporter-output>
        </test-method> <!-- selectdenomination -->
        <test-method signature="extractErrorMessagesToExcelTest()[pri:4, instance:testcases.GiftCardsTest@238ad8c]" started-at="2024-11-04T21:07:35 IST" name="extractErrorMessagesToExcelTest" finished-at="2024-11-04T21:07:37 IST" duration-ms="1530" status="PASS">
          <reporter-output>
          </reporter-output>
        </test-method> <!-- extractErrorMessagesToExcelTest -->
        <test-method is-config="true" signature="tearDown()[pri:0, instance:testcases.GiftCardsTest@238ad8c]" started-at="2024-11-04T21:07:37 IST" name="tearDown" finished-at="2024-11-04T21:07:49 IST" duration-ms="12055" status="PASS">
          <reporter-output>
          </reporter-output>
        </test-method> <!-- tearDown -->
      </class> <!-- testcases.GiftCardsTest -->
      <class name="testcases.Menus">
        <test-method is-config="true" signature="setup()[pri:0, instance:testcases.Menus@c827db]" started-at="2024-11-04T21:06:46 IST" name="setup" finished-at="2024-11-04T21:07:28 IST" duration-ms="42448" status="PASS">
          <reporter-output>
          </reporter-output>
        </test-method> <!-- setup -->
        <test-method signature="luxuruMenuhover()[pri:1, instance:testcases.Menus@c827db]" started-at="2024-11-04T21:07:28 IST" name="luxuruMenuhover" finished-at="2024-11-04T21:07:29 IST" duration-ms="602" status="PASS">
          <reporter-output>
          </reporter-output>
        </test-method> <!-- luxuruMenuhover -->
        <test-method signature="sofaMenuhover()[pri:2, instance:testcases.Menus@c827db]" started-at="2024-11-04T21:07:29 IST" name="sofaMenuhover" finished-at="2024-11-04T21:07:31 IST" duration-ms="2149" status="PASS">
          <reporter-output>
          </reporter-output>
        </test-method> <!-- sofaMenuhover -->
        <test-method signature="extractMenuItemsToExcel()[pri:3, instance:testcases.Menus@c827db]" started-at="2024-11-04T21:07:31 IST" name="extractMenuItemsToExcel" finished-at="2024-11-04T21:07:39 IST" duration-ms="7611" status="PASS">
          <reporter-output>
          </reporter-output>
        </test-method> <!-- extractMenuItemsToExcel -->
        <test-method is-config="true" signature="tearDown()[pri:0, instance:testcases.Menus@c827db]" started-at="2024-11-04T21:07:39 IST" name="tearDown" finished-at="2024-11-04T21:07:54 IST" duration-ms="15447" status="PASS">
          <reporter-output>
          </reporter-output>
        </test-method> <!-- tearDown -->
      </class> <!-- testcases.Menus -->
      <class name="testcases.StudyChairsTest">
        <test-method is-config="true" signature="setup()[pri:0, instance:testcases.StudyChairsTest@1761de10]" started-at="2024-11-04T21:06:46 IST" name="setup" finished-at="2024-11-04T21:07:10 IST" duration-ms="24346" status="PASS">
          <reporter-output>
          </reporter-output>
        </test-method> <!-- setup -->
        <test-method signature="searchStudyChairs()[pri:1, instance:testcases.StudyChairsTest@1761de10]" started-at="2024-11-04T21:07:10 IST" name="searchStudyChairs" finished-at="2024-11-04T21:07:17 IST" duration-ms="6518" status="PASS">
          <reporter-output>
          </reporter-output>
        </test-method> <!-- searchStudyChairs -->
        <test-method signature="applyFilters()[pri:2, instance:testcases.StudyChairsTest@1761de10]" started-at="2024-11-04T21:07:17 IST" name="applyFilters" finished-at="2024-11-04T21:07:32 IST" duration-ms="15329" status="PASS">
          <reporter-output>
          </reporter-output>
        </test-method> <!-- applyFilters -->
        <test-method signature="setPriceAndApply()[pri:3, instance:testcases.StudyChairsTest@1761de10]" started-at="2024-11-04T21:07:32 IST" name="setPriceAndApply" finished-at="2024-11-04T21:07:40 IST" duration-ms="7418" status="PASS">
          <reporter-output>
          </reporter-output>
        </test-method> <!-- setPriceAndApply -->
        <test-method signature="sortByCustomerRating()[pri:4, instance:testcases.StudyChairsTest@1761de10]" started-at="2024-11-04T21:07:40 IST" name="sortByCustomerRating" finished-at="2024-11-04T21:07:45 IST" duration-ms="5327" status="PASS">
          <reporter-output>
          </reporter-output>
        </test-method> <!-- sortByCustomerRating -->
        <test-method signature="extractStudyChairsDetails()[pri:5, instance:testcases.StudyChairsTest@1761de10]" started-at="2024-11-04T21:07:45 IST" name="extractStudyChairsDetails" finished-at="2024-11-04T21:07:48 IST" duration-ms="2615" status="PASS">
          <reporter-output>
          </reporter-output>
        </test-method> <!-- extractStudyChairsDetails -->
        <test-method is-config="true" signature="tearDown()[pri:0, instance:testcases.StudyChairsTest@1761de10]" started-at="2024-11-04T21:07:48 IST" name="tearDown" finished-at="2024-11-04T21:07:53 IST" duration-ms="5447" status="PASS">
          <reporter-output>
          </reporter-output>
        </test-method> <!-- tearDown -->
      </class> <!-- testcases.StudyChairsTest -->
    </test> <!-- Smoke and Regression Test -->
  </suite> <!-- Test Suite -->
</testng-results>
