<?xml version="1.0" encoding="UTF-8"?>
<!-- Generated by org.testng.reporters.JUnitXMLReporter -->
<testsuite ignored="0" hostname="LTIN520425" failures="0" tests="17" name="Smoke and Regression Test" time="69.666" errors="0" timestamp="2024-11-03T10:58:59 IST">
  <testcase classname="testcases.Menus" name="luxuruMenuhover" time="0.935"/>
  <testcase classname="testcases.Menus" name="sofaMenuhover" time="2.476"/>
  <testcase classname="testcases.StudyChairsTest" name="searchStudyChairs" time="5.828"/>
  <testcase classname="testcases.GiftCardsTest" name="selectGiftCardTest" time="7.378"/>
  <testcase classname="testcases.BookshelvesTest" name="searchBookshelvesTest" time="7.488"/>
  <testcase classname="testcases.Menus" name="extractMenuItemsToExcel" time="10.083"/>
  <testcase classname="testcases.BookshelvesTest" name="applyFilterTest" time="1.934"/>
  <testcase classname="testcases.BookshelvesTest" name="applyPriceFilterTest" time="3.644"/>
  <testcase classname="testcases.GiftCardsTest" name="fillGiftDetailsTest" time="6.783"/>
  <testcase classname="testcases.GiftCardsTest" name="selectdenomination" time="1.269"/>
  <testcase classname="testcases.GiftCardsTest" name="extractErrorMessagesToExcelTest" time="0.609"/>
  <testcase classname="testcases.BookshelvesTest" name="sortByLowestPriceTest" time="4.19"/>
  <testcase classname="testcases.StudyChairsTest" name="applyFilters" time="13.322"/>
  <testcase classname="testcases.BookshelvesTest" name="extractBookshelfDetailsToExcelTest" time="3.143"/>
  <testcase classname="testcases.StudyChairsTest" name="setPriceAndApply" time="3.039"/>
  <testcase classname="testcases.StudyChairsTest" name="sortByCustomerRating" time="3.826"/>
  <testcase classname="testcases.StudyChairsTest" name="extractStudyChairsDetails" time="4.127"/>
</testsuite> <!-- Smoke and Regression Test -->
