<?xml version="1.0" encoding="UTF-8"?>
<!-- Generated by org.testng.reporters.JUnitXMLReporter -->
<testsuite ignored="0" hostname="LTIN520425" failures="0" tests="17" name="Smoke and Regression Test" time="89.511" errors="0" timestamp="2024-11-02T18:04:38 IST">
  <testcase classname="testcases.StudyChairsTest" name="searchStudyChairs" time="4.78"/>
  <testcase classname="testcases.Menus" name="luxuruMenuhover" time="1.135"/>
  <testcase classname="testcases.BookshelvesTest" name="searchBookshelvesTest" time="10.226"/>
  <testcase classname="testcases.GiftCardsTest" name="selectGiftCardTest" time="7.145"/>
  <testcase classname="testcases.Menus" name="sofaMenuhover" time="7.362"/>
  <testcase classname="testcases.StudyChairsTest" name="applyFilters" time="16.041"/>
  <testcase classname="testcases.Menus" name="extractMenuItemsToExcel" time="6.867"/>
  <testcase classname="testcases.GiftCardsTest" name="fillGiftDetailsTest" time="9.659"/>
  <testcase classname="testcases.BookshelvesTest" name="applyFilterTest" time="12.16"/>
  <testcase classname="testcases.GiftCardsTest" name="selectdenomination" time="1.148"/>
  <testcase classname="testcases.StudyChairsTest" name="setPriceAndApply" time="3.311"/>
  <testcase classname="testcases.GiftCardsTest" name="extractErrorMessagesToExcelTest" time="1.069"/>
  <testcase classname="testcases.BookshelvesTest" name="applyPriceFilterTest" time="3.59"/>
  <testcase classname="testcases.StudyChairsTest" name="sortByCustomerRating" time="6.193"/>
  <testcase classname="testcases.BookshelvesTest" name="sortByLowestPriceTest" time="4.912"/>
  <testcase classname="testcases.StudyChairsTest" name="extractStudyChairsDetails" time="7.024"/>
  <testcase classname="testcases.BookshelvesTest" name="extractBookshelfDetailsToExcelTest" time="6.383"/>
</testsuite> <!-- Smoke and Regression Test -->
